{
  "RSpec": {
    "coverage": {
      "/Users/soumyaray/Sync/Dropbox/ossdev/classes/SOA-class/projects/soa2024/codepraise2024/require_app.rb": {
        "lines": [
          null,
          null,
          null,
          null,
          null,
          null,
          null,
          null,
          1,
          5,
          1,
          null,
          1,
          37,
          null,
          null
        ]
      },
      "/Users/soumyaray/Sync/Dropbox/ossdev/classes/SOA-class/projects/soa2024/codepraise2024/config/environment.rb": {
        "lines": [
          null,
          null,
          1,
          1,
          1,
          1,
          1,
          null,
          null,
          1,
          null,
          1,
          1,
          null,
          null,
          1,
          null,
          null,
          null,
          1,
          1,
          null,
          1,
          null,
          null,
          1,
          1,
          1,
          null,
          null,
          null,
          1,
          1,
          null,
          null,
          1,
          1,
          1,
          null,
          null,
          null
        ]
      },
      "/Users/soumyaray/Sync/Dropbox/ossdev/classes/SOA-class/projects/soa2024/codepraise2024/app/domain/contributions/entities/contributor.rb": {
        "lines": [
          null,
          null,
          1,
          1,
          null,
          1,
          1,
          null,
          1,
          1,
          null,
          1,
          1,
          null,
          null,
          1,
          3241,
          null,
          null,
          null,
          1,
          null,
          1,
          4624,
          null,
          null,
          null,
          null
        ]
      },
      "/Users/soumyaray/Sync/Dropbox/ossdev/classes/SOA-class/projects/soa2024/codepraise2024/app/domain/contributions/entities/file_contributions.rb": {
        "lines": [
          null,
          null,
          1,
          1,
          null,
          1,
          1,
          null,
          1,
          1,
          null,
          null,
          1,
          null,
          null,
          null,
          null,
          null,
          null,
          null,
          1,
          null,
          1,
          65,
          65,
          null,
          null,
          1,
          127,
          null,
          null,
          1,
          127,
          null,
          105,
          null,
          1503,
          null,
          null,
          null,
          1,
          0,
          null,
          null,
          1,
          127,
          null,
          null,
          1,
          127,
          null,
          null,
          null,
          null
        ]
      },
      "/Users/soumyaray/Sync/Dropbox/ossdev/classes/SOA-class/projects/soa2024/codepraise2024/app/domain/contributions/lib/contributions_calculator.rb": {
        "lines": [
          null,
          null,
          1,
          1,
          null,
          1,
          1,
          0,
          null,
          null,
          1,
          0,
          null,
          null,
          1,
          0,
          null,
          null,
          1,
          0,
          null,
          null,
          1,
          0,
          null,
          0,
          null,
          null,
          null,
          null
        ]
      },
      "/Users/soumyaray/Sync/Dropbox/ossdev/classes/SOA-class/projects/soa2024/codepraise2024/app/domain/contributions/values/code_language.rb": {
        "lines": [
          null,
          null,
          null,
          1,
          1,
          1,
          1,
          1,
          null,
          1,
          1,
          null,
          1,
          1730,
          null,
          null,
          1,
          0,
          null,
          null,
          1,
          1503,
          null,
          null,
          null,
          1,
          1,
          1,
          1,
          1,
          null,
          null,
          1,
          1,
          1,
          1,
          1,
          null,
          null,
          1,
          1,
          1,
          1,
          1,
          null,
          null,
          1,
          1,
          1,
          1,
          null,
          null,
          1,
          1,
          1,
          1,
          null,
          null,
          1,
          1,
          1,
          1,
          null,
          null,
          1,
          1,
          1,
          1,
          null,
          null,
          1,
          1,
          1,
          1,
          null,
          null,
          1,
          1,
          null,
          1,
          1,
          1,
          null,
          null,
          null,
          1,
          null,
          null,
          null,
          null,
          null,
          null,
          null,
          null,
          1,
          null,
          1,
          1857,
          null,
          null,
          null,
          null,
          null
        ]
      },
      "/Users/soumyaray/Sync/Dropbox/ossdev/classes/SOA-class/projects/soa2024/codepraise2024/app/domain/contributions/entities/folder_contributions.rb": {
        "lines": [
          null,
          null,
          1,
          1,
          null,
          1,
          1,
          null,
          1,
          null,
          1,
          18,
          null,
          18,
          18,
          18,
          18,
          null,
          null,
          1,
          0,
          null,
          null,
          1,
          0,
          null,
          null,
          1,
          11,
          null,
          null,
          1,
          0,
          null,
          null,
          1,
          201,
          null,
          null,
          1,
          null,
          1,
          18,
          133,
          65,
          null,
          null,
          1,
          18,
          null,
          null,
          1,
          18,
          null,
          68,
          68,
          null,
          null,
          null,
          1,
          18,
          16,
          null,
          null,
          34,
          null,
          null,
          null,
          null
        ]
      },
      "/Users/soumyaray/Sync/Dropbox/ossdev/classes/SOA-class/projects/soa2024/codepraise2024/app/domain/contributions/entities/line_contribution.rb": {
        "lines": [
          null,
          null,
          1,
          1,
          null,
          1,
          null,
          1,
          1,
          null,
          1,
          1,
          1,
          null,
          1,
          null,
          1,
          1730,
          1730,
          1730,
          1730,
          null,
          null,
          1,
          1503,
          null,
          null,
          null,
          null
        ]
      },
      "/Users/soumyaray/Sync/Dropbox/ossdev/classes/SOA-class/projects/soa2024/codepraise2024/app/domain/contributions/lib/types.rb": {
        "lines": [
          null,
          null,
          1,
          1,
          null,
          1,
          1,
          52,
          null,
          null,
          null,
          null,
          1,
          1,
          399,
          null,
          null,
          null,
          null
        ]
      },
      "/Users/soumyaray/Sync/Dropbox/ossdev/classes/SOA-class/projects/soa2024/codepraise2024/app/domain/contributions/values/credit_share.rb": {
        "lines": [
          null,
          null,
          1,
          1,
          null,
          1,
          null,
          1,
          197,
          null,
          null,
          1,
          1503,
          null,
          null,
          1,
          122,
          null,
          320,
          null,
          null,
          null,
          1,
          3,
          5,
          null,
          null,
          3,
          null,
          null,
          1,
          3,
          null,
          null,
          1,
          244,
          null,
          null,
          null,
          null,
          null
        ]
      },
      "/Users/soumyaray/Sync/Dropbox/ossdev/classes/SOA-class/projects/soa2024/codepraise2024/app/domain/contributions/values/file_path.rb": {
        "lines": [
          null,
          null,
          1,
          null,
          1,
          1,
          null,
          1,
          null,
          1,
          null,
          1,
          null,
          1,
          130,
          130,
          null,
          null,
          1,
          1857,
          null,
          null,
          1,
          1857,
          null,
          null,
          1,
          null,
          68,
          null,
          68,
          68,
          null,
          null,
          1,
          null,
          1,
          130,
          130,
          130,
          null,
          null,
          null,
          null,
          null
        ]
      },
      "/Users/soumyaray/Sync/Dropbox/ossdev/classes/SOA-class/projects/soa2024/codepraise2024/app/domain/projects/entities/member.rb": {
        "lines": [
          null,
          null,
          1,
          1,
          null,
          1,
          1,
          null,
          1,
          1,
          null,
          1,
          1,
          1,
          1,
          null,
          1,
          13,
          null,
          null,
          null,
          null
        ]
      },
      "/Users/soumyaray/Sync/Dropbox/ossdev/classes/SOA-class/projects/soa2024/codepraise2024/app/domain/projects/entities/project.rb": {
        "lines": [
          null,
          null,
          1,
          1,
          null,
          1,
          null,
          1,
          1,
          null,
          1,
          1,
          null,
          1,
          null,
          1,
          1,
          1,
          1,
          1,
          1,
          1,
          1,
          null,
          1,
          0,
          null,
          null,
          1,
          0,
          null,
          null,
          1,
          null,
          4,
          null,
          null,
          null,
          null
        ]
      },
      "/Users/soumyaray/Sync/Dropbox/ossdev/classes/SOA-class/projects/soa2024/codepraise2024/app/infrastructure/database/orm/member_orm.rb": {
        "lines": [
          null,
          null,
          1,
          null,
          1,
          1,
          null,
          1,
          1,
          null,
          null,
          null,
          1,
          null,
          null,
          null,
          null,
          1,
          null,
          1,
          12,
          null,
          null,
          null,
          null
        ]
      },
      "/Users/soumyaray/Sync/Dropbox/ossdev/classes/SOA-class/projects/soa2024/codepraise2024/app/infrastructure/database/orm/project_orm.rb": {
        "lines": [
          null,
          null,
          1,
          null,
          1,
          1,
          null,
          1,
          1,
          null,
          null,
          1,
          null,
          null,
          null,
          null,
          1,
          null,
          null,
          null
        ]
      },
      "/Users/soumyaray/Sync/Dropbox/ossdev/classes/SOA-class/projects/soa2024/codepraise2024/app/infrastructure/database/repositories/for.rb": {
        "lines": [
          null,
          null,
          1,
          1,
          null,
          1,
          1,
          null,
          1,
          null,
          1,
          null,
          null,
          null,
          1,
          0,
          null,
          null,
          1,
          3,
          null,
          null,
          null,
          null
        ]
      },
      "/Users/soumyaray/Sync/Dropbox/ossdev/classes/SOA-class/projects/soa2024/codepraise2024/app/infrastructure/database/repositories/members.rb": {
        "lines": [
          null,
          null,
          1,
          1,
          null,
          1,
          1,
          0,
          null,
          null,
          1,
          0,
          null,
          null,
          1,
          12,
          null,
          12,
          null,
          null,
          null,
          null,
          null,
          null,
          null,
          1,
          3,
          9,
          null,
          null,
          null,
          1,
          12,
          null,
          null,
          null,
          null
        ]
      },
      "/Users/soumyaray/Sync/Dropbox/ossdev/classes/SOA-class/projects/soa2024/codepraise2024/app/infrastructure/database/repositories/projects.rb": {
        "lines": [
          null,
          null,
          1,
          null,
          1,
          1,
          null,
          1,
          1,
          0,
          null,
          null,
          1,
          null,
          null,
          null,
          null,
          0,
          null,
          null,
          null,
          null,
          0,
          null,
          null,
          1,
          0,
          0,
          0,
          null,
          null,
          null,
          1,
          3,
          null,
          null,
          1,
          0,
          0,
          null,
          null,
          1,
          3,
          3,
          null,
          null,
          1,
          3,
          null,
          3,
          3,
          null,
          null,
          1,
          6,
          null,
          3,
          null,
          null,
          null,
          null,
          null,
          null,
          null,
          null,
          1,
          1,
          3,
          null,
          null,
          1,
          3,
          null,
          null,
          1,
          3,
          null,
          3,
          3,
          null,
          3,
          9,
          null,
          null,
          null,
          null,
          null,
          null,
          null
        ]
      },
      "/Users/soumyaray/Sync/Dropbox/ossdev/classes/SOA-class/projects/soa2024/codepraise2024/app/infrastructure/git/gateway/git_command.rb": {
        "lines": [
          null,
          null,
          1,
          1,
          null,
          1,
          1,
          null,
          1,
          67,
          67,
          67,
          67,
          null,
          null,
          1,
          1,
          1,
          1,
          null,
          null,
          1,
          66,
          66,
          66,
          null,
          null,
          1,
          66,
          66,
          null,
          null,
          1,
          1,
          1,
          null,
          null,
          1,
          1,
          1,
          null,
          null,
          1,
          134,
          null,
          null,
          1,
          67,
          null,
          null,
          null,
          null,
          null,
          1,
          65,
          null,
          null,
          1,
          0,
          0,
          null,
          null,
          null,
          null,
          null
        ]
      },
      "/Users/soumyaray/Sync/Dropbox/ossdev/classes/SOA-class/projects/soa2024/codepraise2024/app/infrastructure/git/mappers/blame_contributor.rb": {
        "lines": [
          null,
          null,
          1,
          1,
          null,
          1,
          1,
          1730,
          1730,
          null,
          null,
          1,
          1730,
          null,
          null,
          null,
          null,
          null,
          null,
          1,
          null,
          1,
          1730,
          null,
          null,
          null,
          null
        ]
      },
      "/Users/soumyaray/Sync/Dropbox/ossdev/classes/SOA-class/projects/soa2024/codepraise2024/app/infrastructure/git/mappers/contributions_mapper.rb": {
        "lines": [
          null,
          null,
          1,
          1,
          null,
          1,
          1,
          2,
          null,
          null,
          1,
          2,
          null,
          2,
          null,
          null,
          null,
          null,
          null,
          1,
          1,
          2,
          65,
          null,
          null,
          null,
          null,
          1,
          1,
          65,
          65,
          65,
          null,
          null,
          null,
          null,
          null
        ]
      },
      "/Users/soumyaray/Sync/Dropbox/ossdev/classes/SOA-class/projects/soa2024/codepraise2024/app/infrastructure/git/mappers/file_contributions_mapper.rb": {
        "lines": [
          null,
          null,
          1,
          null,
          1,
          1,
          null,
          1,
          1,
          65,
          null,
          null,
          1,
          65,
          null,
          null,
          null,
          null,
          null,
          1,
          null,
          1,
          130,
          null,
          null,
          1,
          1730,
          null,
          null,
          1,
          65,
          null,
          null,
          1,
          65,
          1730,
          null,
          null,
          null,
          null,
          null,
          1,
          1,
          1730,
          1730,
          1730,
          null,
          null,
          1,
          1,
          1,
          1,
          1,
          null,
          1,
          1730,
          null,
          null,
          null,
          1,
          null,
          1,
          1730,
          null,
          null,
          null,
          null
        ]
      },
      "/Users/soumyaray/Sync/Dropbox/ossdev/classes/SOA-class/projects/soa2024/codepraise2024/app/infrastructure/git/mappers/folder_contributions_mapper.rb": {
        "lines": [
          null,
          null,
          1,
          null,
          1,
          1,
          null,
          1,
          1,
          null,
          null,
          1,
          2,
          2,
          null,
          null,
          1,
          2,
          null,
          null,
          null,
          null,
          null,
          1,
          2,
          65,
          null,
          null,
          null,
          null,
          null
        ]
      },
      "/Users/soumyaray/Sync/Dropbox/ossdev/classes/SOA-class/projects/soa2024/codepraise2024/app/infrastructure/git/mappers/porcelain_parser.rb": {
        "lines": [
          null,
          null,
          1,
          1,
          null,
          1,
          1,
          1,
          null,
          1,
          65,
          1730,
          null,
          null,
          1,
          65,
          65,
          null,
          0,
          0,
          null,
          null,
          null,
          1,
          1730,
          null,
          1730,
          null,
          null,
          null,
          1730,
          18354,
          18354,
          null,
          null,
          1730,
          null,
          null,
          1,
          1730,
          1730,
          1730,
          null,
          null,
          1,
          18354,
          null,
          null,
          null,
          null
        ]
      },
      "/Users/soumyaray/Sync/Dropbox/ossdev/classes/SOA-class/projects/soa2024/codepraise2024/app/infrastructure/git/repositories/blame_reporter.rb": {
        "lines": [
          null,
          null,
          1,
          null,
          1,
          null,
          1,
          1,
          null,
          1,
          1,
          2,
          2,
          2,
          null,
          null,
          1,
          2,
          null,
          2,
          2,
          65,
          null,
          null,
          null,
          null,
          1,
          128,
          null,
          null,
          null,
          null
        ]
      },
      "/Users/soumyaray/Sync/Dropbox/ossdev/classes/SOA-class/projects/soa2024/codepraise2024/app/infrastructure/git/repositories/repo_file.rb": {
        "lines": [
          null,
          null,
          1,
          1,
          null,
          1,
          1,
          null,
          1,
          65,
          null,
          null,
          1,
          65,
          null,
          null,
          null,
          null,
          null,
          null,
          null
        ]
      },
      "/Users/soumyaray/Sync/Dropbox/ossdev/classes/SOA-class/projects/soa2024/codepraise2024/app/infrastructure/git/repositories/git_repo.rb": {
        "lines": [
          null,
          null,
          1,
          null,
          1,
          1,
          1,
          1,
          1,
          null,
          null,
          1,
          2,
          2,
          2,
          null,
          null,
          1,
          2,
          null,
          null,
          null,
          1,
          0,
          null,
          null,
          1,
          4,
          null,
          null,
          null,
          1,
          0,
          0,
          null,
          0,
          null,
          null,
          null
        ]
      },
      "/Users/soumyaray/Sync/Dropbox/ossdev/classes/SOA-class/projects/soa2024/codepraise2024/app/infrastructure/git/repositories/local_repo.rb": {
        "lines": [
          null,
          null,
          1,
          null,
          1,
          1,
          1,
          null,
          1,
          null,
          null,
          null,
          1,
          1,
          1,
          1,
          1,
          null,
          1,
          null,
          1,
          2,
          2,
          null,
          null,
          1,
          0,
          0,
          null,
          null,
          1,
          2,
          null,
          2,
          2,
          184,
          null,
          null,
          null,
          null,
          1,
          4,
          8,
          null,
          null,
          1,
          10,
          null,
          null,
          null,
          1,
          0,
          null,
          null,
          1,
          null,
          1,
          6,
          null,
          null,
          1,
          0,
          null,
          null,
          null,
          null
        ]
      },
      "/Users/soumyaray/Sync/Dropbox/ossdev/classes/SOA-class/projects/soa2024/codepraise2024/app/infrastructure/git/repositories/remote_repo.rb": {
        "lines": [
          null,
          null,
          1,
          null,
          1,
          1,
          null,
          null,
          null,
          null,
          null,
          null,
          1,
          1,
          null,
          1,
          2,
          null,
          null,
          1,
          2,
          null,
          null,
          1,
          0,
          null,
          null,
          null,
          null,
          null,
          null,
          null,
          null
        ]
      },
      "/Users/soumyaray/Sync/Dropbox/ossdev/classes/SOA-class/projects/soa2024/codepraise2024/app/infrastructure/github/gateways/github_api.rb": {
        "lines": [
          null,
          null,
          1,
          null,
          1,
          1,
          null,
          1,
          1,
          24,
          null,
          null,
          1,
          13,
          null,
          null,
          1,
          11,
          null,
          null,
          null,
          1,
          1,
          null,
          1,
          24,
          null,
          null,
          1,
          13,
          null,
          null,
          1,
          24,
          null,
          null,
          null,
          null,
          24,
          24,
          null,
          null,
          null,
          null,
          null,
          1,
          1,
          1,
          null,
          null,
          1,
          null,
          null,
          null,
          1,
          24,
          null,
          null,
          1,
          2,
          null,
          null,
          null,
          null,
          null
        ]
      },
      "/Users/soumyaray/Sync/Dropbox/ossdev/classes/SOA-class/projects/soa2024/codepraise2024/app/infrastructure/github/mappers/member_mapper.rb": {
        "lines": [
          null,
          null,
          1,
          null,
          1,
          null,
          1,
          1,
          11,
          11,
          11,
          null,
          null,
          1,
          11,
          33,
          null,
          null,
          null,
          1,
          44,
          null,
          null,
          null,
          1,
          1,
          44,
          null,
          null,
          1,
          44,
          null,
          null,
          null,
          null,
          null,
          null,
          null,
          1,
          null,
          1,
          44,
          null,
          null,
          1,
          44,
          null,
          null,
          1,
          44,
          null,
          null,
          null,
          null,
          null
        ]
      },
      "/Users/soumyaray/Sync/Dropbox/ossdev/classes/SOA-class/projects/soa2024/codepraise2024/app/infrastructure/github/mappers/project_mapper.rb": {
        "lines": [
          null,
          null,
          1,
          null,
          1,
          1,
          null,
          1,
          1,
          13,
          13,
          13,
          null,
          null,
          1,
          13,
          11,
          null,
          null,
          1,
          11,
          null,
          null,
          null,
          1,
          1,
          11,
          11,
          null,
          null,
          null,
          null,
          1,
          11,
          null,
          null,
          null,
          null,
          null,
          null,
          null,
          null,
          null,
          null,
          null,
          1,
          11,
          null,
          null,
          1,
          11,
          null,
          null,
          1,
          11,
          null,
          null,
          1,
          11,
          null,
          null,
          1,
          11,
          null,
          null,
          1,
          11,
          null,
          null,
          1,
          11,
          null,
          null,
          null,
          null,
          null
        ]
      },
      "/Users/soumyaray/Sync/Dropbox/ossdev/classes/SOA-class/projects/soa2024/codepraise2024/app/presentation/view_objects/contributor.rb": {
        "lines": [
          null,
          null,
          1,
          null,
          1,
          1,
          0,
          null,
          null,
          1,
          0,
          null,
          null,
          1,
          0,
          null,
          null,
          1,
          0,
          null,
          null,
          null
        ]
      },
      "/Users/soumyaray/Sync/Dropbox/ossdev/classes/SOA-class/projects/soa2024/codepraise2024/app/presentation/view_objects/project.rb": {
        "lines": [
          null,
          null,
          1,
          null,
          1,
          1,
          0,
          0,
          null,
          null,
          1,
          0,
          null,
          null,
          1,
          0,
          null,
          null,
          1,
          0,
          null,
          null,
          1,
          0,
          null,
          null,
          1,
          0,
          null,
          null,
          1,
          0,
          null,
          null,
          1,
          0,
          null,
          null,
          1,
          0,
          null,
          null,
          null
        ]
      },
      "/Users/soumyaray/Sync/Dropbox/ossdev/classes/SOA-class/projects/soa2024/codepraise2024/app/presentation/view_objects/project_file_contributions.rb": {
        "lines": [
          null,
          null,
          1,
          null,
          1,
          1,
          0,
          null,
          null,
          1,
          0,
          null,
          null,
          1,
          0,
          null,
          null,
          null
        ]
      },
      "/Users/soumyaray/Sync/Dropbox/ossdev/classes/SOA-class/projects/soa2024/codepraise2024/app/presentation/view_objects/project_folder_contributions.rb": {
        "lines": [
          null,
          null,
          1,
          null,
          1,
          null,
          1,
          1,
          0,
          0,
          0,
          null,
          null,
          1,
          0,
          0,
          null,
          null,
          null,
          1,
          0,
          null,
          null,
          1,
          0,
          null,
          null,
          1,
          0,
          null,
          null,
          1,
          0,
          null,
          null,
          1,
          0,
          null,
          null,
          1,
          0,
          null,
          null,
          1,
          0,
          null,
          null,
          1,
          0,
          null,
          null,
          1,
          0,
          null,
          null,
          1,
          0,
          null,
          null,
          1,
          0,
          null,
          null,
          null
        ]
      },
      "/Users/soumyaray/Sync/Dropbox/ossdev/classes/SOA-class/projects/soa2024/codepraise2024/app/presentation/view_objects/projects_list.rb": {
        "lines": [
          null,
          null,
          1,
          null,
          1,
          null,
          1,
          1,
          0,
          0,
          null,
          null,
          null,
          1,
          0,
          0,
          null,
          null,
          null,
          1,
          0,
          null,
          null,
          null
        ]
      },
      "/Users/soumyaray/Sync/Dropbox/ossdev/classes/SOA-class/projects/soa2024/codepraise2024/app/controllers/app.rb": {
        "lines": [
          null,
          null,
          1,
          1,
          1,
          1,
          null,
          1,
          null,
          1,
          1,
          1,
          1,
          1,
          1,
          1,
          null,
          1,
          null,
          1,
          null,
          1,
          null,
          null,
          null,
          null,
          null,
          null,
          null,
          null,
          null,
          1,
          0,
          0,
          0,
          null,
          null,
          0,
          null,
          0,
          null,
          null,
          0,
          null,
          null,
          0,
          null,
          0,
          null,
          0,
          null,
          0,
          null,
          null,
          0,
          0,
          null,
          0,
          0,
          0,
          0,
          0,
          0,
          0,
          null,
          null,
          0,
          null,
          null,
          0,
          null,
          null,
          0,
          null,
          null,
          0,
          null,
          null,
          null,
          0,
          0,
          0,
          null,
          null,
          null,
          null,
          0,
          null,
          0,
          0,
          null,
          null,
          null,
          null,
          0,
          null,
          null,
          0,
          null,
          null,
          null,
          0,
          null,
          0,
          0,
          0,
          null,
          0,
          null,
          null,
          null,
          0,
          0,
          0,
          null,
          null,
          null,
          0,
          null,
          null,
          0,
          0,
          0,
          null,
          null,
          0,
          0,
          null,
          null,
          null,
          null,
          0,
          0,
          null,
          0,
          0,
          0,
          null,
          null,
          null,
          null,
          0,
          null,
          null,
          0,
          0,
          null,
          null,
          0,
          0,
          0,
          null,
          null,
          0,
          null,
          null,
          0,
          null,
          null,
          null,
          null,
          null,
          null
        ]
      },
      "/Users/soumyaray/Sync/Dropbox/ossdev/classes/SOA-class/projects/soa2024/codepraise2024/spec/helpers/vcr_helper.rb": {
        "lines": [
          null,
          null,
          1,
          1,
          null,
          null,
          1,
          1,
          1,
          null,
          1,
          3,
          3,
          3,
          3,
          null,
          null,
          null,
          null,
          1,
          11,
          275,
          275,
          null,
          null,
          11,
          null,
          null,
          null,
          null,
          null,
          null,
          1,
          11,
          null,
          null
        ]
      },
      "/Users/soumyaray/Sync/Dropbox/ossdev/classes/SOA-class/projects/soa2024/codepraise2024/spec/helpers/database_helper.rb": {
        "lines": [
          null,
          null,
          null,
          1,
          null,
          1,
          null,
          3,
          3,
          3,
          3,
          null,
          null
        ]
      },
      "/Users/soumyaray/Sync/Dropbox/ossdev/classes/SOA-class/projects/soa2024/codepraise2024/spec/tests/integration/gateway_database_spec.rb": {
        "lines": [
          null,
          null,
          1,
          1,
          1,
          null,
          1,
          1,
          null,
          1,
          1,
          null,
          null,
          1,
          1,
          null,
          null,
          1,
          1,
          1,
          null,
          null,
          1,
          1,
          null,
          null,
          null,
          1,
          null,
          1,
          1,
          1,
          1,
          1,
          1,
          null,
          1,
          3,
          6,
          null,
          null,
          3,
          null,
          null,
          null,
          null,
          null
        ]
      },
      "/Users/soumyaray/Sync/Dropbox/ossdev/classes/SOA-class/projects/soa2024/codepraise2024/spec/tests/integration/github_spec.rb": {
        "lines": [
          null,
          null,
          1,
          1,
          null,
          1,
          1,
          null,
          1,
          8,
          null,
          null,
          1,
          8,
          null,
          null,
          1,
          1,
          4,
          null,
          null,
          null,
          null,
          1,
          1,
          1,
          null,
          null,
          1,
          1,
          null,
          null,
          1,
          1,
          1,
          null,
          null,
          null,
          null,
          null,
          1,
          1,
          1,
          null,
          null,
          null,
          null,
          null,
          null,
          1,
          1,
          4,
          null,
          null,
          null,
          null,
          1,
          1,
          null,
          null,
          1,
          1,
          null,
          null,
          1,
          1,
          1,
          null,
          null,
          1,
          1,
          1,
          null,
          1,
          4,
          1,
          null,
          null,
          null
        ]
      },
      "/Users/soumyaray/Sync/Dropbox/ossdev/classes/SOA-class/projects/soa2024/codepraise2024/spec/tests/unit/gateway_git_spec.rb": {
        "lines": [
          null,
          null,
          1,
          null,
          1,
          1,
          null,
          1,
          1,
          1,
          null,
          null,
          null,
          null,
          null,
          1,
          null,
          null,
          1,
          1,
          null,
          null,
          null,
          null,
          1,
          null,
          null
        ]
      }
    },
    "timestamp": 1730947897
  }
}
